<?xml version="1.0" encoding="UTF-8"?>
<!-- Generated by org.testng.reporters.JUnitReportReporter -->
<testsuite skipped="0" hostname="TungH-RogStrix" name="TestNG.TestLoginPage.LoginTest" tests="8" failures="0" timestamp="2021-12-15T04:35:45 ICT" time="82.463" errors="2">
  <testcase name="loginWithInvalidCreds" time="13.171" classname="TestNG.TestLoginPage.LoginTest"/>
  <system-out/>
  <testcase name="loginWithInvalidCreds" time="13.719" classname="TestNG.TestLoginPage.LoginTest"/>
  <system-out/>
  <testcase name="loginWithInvalidCreds" time="12.457" classname="TestNG.TestLoginPage.LoginTest"/>
  <system-out/>
  <testcase name="loginWithInvalidCreds" time="13.200" classname="TestNG.TestLoginPage.LoginTest"/>
  <system-out/>
  <testcase name="loginWithInvalidCreds" time="8.507" classname="TestNG.TestLoginPage.LoginTest"/>
  <system-out/>
  <testcase name="loginWithInvalidCreds" time="21.409" classname="TestNG.TestLoginPage.LoginTest"/>
  <system-out/>
  <testcase name="loginWithValidCreds" time="0.000" classname="TestNG.TestLoginPage.LoginTest">
    <error type="org.testng.TestNGException" message="
Data Provider public test_data.authentication.LoginCreds[] TestNG.TestLoginPage.LoginTest.validLoginCredsData() returned a null value">
      <![CDATA[org.testng.TestNGException: 
Data Provider public test_data.authentication.LoginCreds[] TestNG.TestLoginPage.LoginTest.validLoginCredsData() returned a null value
at org.testng.internal.MethodInvocationHelper.invokeDataProvider(MethodInvocationHelper.java:148)
at org.testng.internal.Parameters.handleParameters(Parameters.java:798)
at org.testng.internal.Parameters.handleParameters(Parameters.java:740)
at org.testng.internal.ParameterHandler.handleParameters(ParameterHandler.java:59)
at org.testng.internal.ParameterHandler.createParameters(ParameterHandler.java:38)
at org.testng.internal.TestInvoker$MethodInvocationAgent.invoke(TestInvoker.java:791)
at org.testng.internal.TestInvoker.invokeTestMethods(TestInvoker.java:146)
at org.testng.internal.TestMethodWorker.invokeTestMethods(TestMethodWorker.java:146)
at org.testng.internal.TestMethodWorker.run(TestMethodWorker.java:128)
at java.util.ArrayList.forEach(ArrayList.java:1257)
at org.testng.TestRunner.privateRun(TestRunner.java:794)
at org.testng.TestRunner.run(TestRunner.java:596)
at org.testng.SuiteRunner.runTest(SuiteRunner.java:377)
at org.testng.SuiteRunner.access$000(SuiteRunner.java:28)
at org.testng.SuiteRunner$SuiteWorker.run(SuiteRunner.java:418)
at org.testng.internal.thread.ThreadUtil.lambda$execute$0(ThreadUtil.java:64)
at java.util.concurrent.FutureTask.run(FutureTask.java:266)
at java.util.concurrent.ThreadPoolExecutor.runWorker(ThreadPoolExecutor.java:1149)
at java.util.concurrent.ThreadPoolExecutor$Worker.run(ThreadPoolExecutor.java:624)
at java.lang.Thread.run(Thread.java:748)
]]>
    </error>
  </testcase> <!-- loginWithValidCreds -->
  <system-out/>
  <testcase name="loginWithValidCreds" time="0.000" classname="TestNG.TestLoginPage.LoginTest">
    <error type="org.testng.TestNGException" message="
Data Provider public test_data.authentication.LoginCreds[] TestNG.TestLoginPage.LoginTest.validLoginCredsData() returned a null value">
      <![CDATA[org.testng.TestNGException: 
Data Provider public test_data.authentication.LoginCreds[] TestNG.TestLoginPage.LoginTest.validLoginCredsData() returned a null value
at org.testng.internal.MethodInvocationHelper.invokeDataProvider(MethodInvocationHelper.java:148)
at org.testng.internal.Parameters.handleParameters(Parameters.java:798)
at org.testng.internal.Parameters.handleParameters(Parameters.java:740)
at org.testng.internal.ParameterHandler.handleParameters(ParameterHandler.java:59)
at org.testng.internal.ParameterHandler.createParameters(ParameterHandler.java:38)
at org.testng.internal.TestInvoker$MethodInvocationAgent.invoke(TestInvoker.java:791)
at org.testng.internal.TestInvoker.invokeTestMethods(TestInvoker.java:146)
at org.testng.internal.TestMethodWorker.invokeTestMethods(TestMethodWorker.java:146)
at org.testng.internal.TestMethodWorker.run(TestMethodWorker.java:128)
at java.util.ArrayList.forEach(ArrayList.java:1257)
at org.testng.TestRunner.privateRun(TestRunner.java:794)
at org.testng.TestRunner.run(TestRunner.java:596)
at org.testng.SuiteRunner.runTest(SuiteRunner.java:377)
at org.testng.SuiteRunner.access$000(SuiteRunner.java:28)
at org.testng.SuiteRunner$SuiteWorker.run(SuiteRunner.java:418)
at org.testng.internal.thread.ThreadUtil.lambda$execute$0(ThreadUtil.java:64)
at java.util.concurrent.FutureTask.run(FutureTask.java:266)
at java.util.concurrent.ThreadPoolExecutor.runWorker(ThreadPoolExecutor.java:1149)
at java.util.concurrent.ThreadPoolExecutor$Worker.run(ThreadPoolExecutor.java:624)
at java.lang.Thread.run(Thread.java:748)
]]>
    </error>
  </testcase> <!-- loginWithValidCreds -->
  <system-out/>
</testsuite> <!-- TestNG.TestLoginPage.LoginTest -->
